<?xml version="1.0" encoding="UTF-8"?>
<!-- Generated by org.testng.reporters.JUnitReportReporter -->
<testsuite hostname="DC-KA-QA-RL-256" failures="0" tests="5" name="gorest.RestApiTests" time="7.901" errors="0" timestamp="2025-08-26T15:27:24 IST" skipped="0">
  <testcase classname="gorest.RestApiTests" name="testCreateUser" time="3.441"/>
  <testcase classname="gorest.RestApiTests" name="testGetUser" time="1.334"/>
  <testcase classname="gorest.RestApiTests" name="testUpdateUser" time="1.060"/>
  <testcase classname="gorest.RestApiTests" name="testDeleteUser" time="1.089"/>
  <testcase classname="gorest.RestApiTests" name="testGetUserAfterDelete" time="0.977"/>
</testsuite> <!-- gorest.RestApiTests -->
