<?xml version="1.0" encoding="UTF-8"?>
<!-- Generated by org.testng.reporters.JUnitReportReporter -->
<testsuite hostname="DC-KA-QA-RL-256" failures="0" tests="8" name="gorest.GraphQLTests" time="10.845" errors="0" timestamp="2025-08-26T08:56:56 IST" skipped="0">
  <testcase classname="gorest.GraphQLTests" name="testQueryUsersStatic" time="2.279"/>
  <testcase classname="gorest.GraphQLTests" name="testCreateUserDynamic" time="1.527"/>
  <testcase classname="gorest.GraphQLTests" name="testQueryUserByIdWithVariables" time="1.191"/>
  <testcase classname="gorest.GraphQLTests" name="testUpdateUserDataProvider" time="1.304"/>
  <testcase classname="gorest.GraphQLTests" name="testUpdateUserDataProvider" time="1.172"/>
  <testcase classname="gorest.GraphQLTests" name="testUpdateUserAfterUpdate" time="1.126"/>
  <testcase classname="gorest.GraphQLTests" name="testDeleteUser" time="1.130"/>
  <testcase classname="gorest.GraphQLTests" name="testGetUserAfterDelete" time="1.116"/>
</testsuite> <!-- gorest.GraphQLTests -->
