<?xml version="1.0" encoding="UTF-8"?>
<!-- Generated by org.testng.reporters.JUnitReportReporter -->
<testsuite hostname="DC-KA-QA-RL-256" failures="0" tests="5" name="gorest.RestApiTests" time="9.165" errors="0" timestamp="2025-08-26T08:56:23 IST" skipped="0">
  <testcase classname="gorest.RestApiTests" name="testCreateUser" time="3.599"/>
  <testcase classname="gorest.RestApiTests" name="testGetUser" time="1.995"/>
  <testcase classname="gorest.RestApiTests" name="testUpdateUser" time="1.233"/>
  <testcase classname="gorest.RestApiTests" name="testDeleteUser" time="1.404"/>
  <testcase classname="gorest.RestApiTests" name="testGetUserAfterDelete" time="0.934"/>
</testsuite> <!-- gorest.RestApiTests -->
