<?xml version="1.0" encoding="UTF-8"?>
<!-- Generated by org.testng.reporters.JUnitReportReporter -->
<testsuite hostname="DC-KA-QA-RL-256" failures="0" tests="1" name="basic.GetTest" time="4.320" errors="0" timestamp="2025-08-25T15:54:11 IST" skipped="0">
  <testcase classname="basic.GetTest" name="testGetUsers" time="4.320"/>
</testsuite> <!-- basic.GetTest -->
