<?xml version="1.0" encoding="UTF-8"?>
<!-- Generated by org.testng.reporters.JUnitReportReporter -->
<testsuite hostname="DC-KA-QA-RL-256" failures="0" tests="3" name="sirvApi.SirvApiWorkflowTestNG" time="4.200" errors="0" timestamp="2025-08-28T18:04:39 IST" skipped="0">
  <testcase classname="sirvApi.SirvApiWorkflowTestNG" name="uploadFile" time="2.062"/>
  <testcase classname="sirvApi.SirvApiWorkflowTestNG" name="downloadFile" time="1.324"/>
  <testcase classname="sirvApi.SirvApiWorkflowTestNG" name="deleteFile" time="0.814"/>
</testsuite> <!-- sirvApi.SirvApiWorkflowTestNG -->
