<?xml version="1.0" encoding="UTF-8"?>
<!-- Generated by org.testng.reporters.JUnitReportReporter -->
<testsuite hostname="DC-KA-QA-RL-256" failures="0" tests="6" name="basic.CRUD" time="7.955" errors="0" timestamp="2025-08-25T14:55:57 IST" skipped="0">
  <testcase classname="basic.CRUD" name="testCreateUserWithApiKey" time="3.625"/>
  <testcase classname="basic.CRUD" name="testCreateUser" time="0.786"/>
  <testcase classname="basic.CRUD" name="testUpdateUser" time="1.083"/>
  <testcase classname="basic.CRUD" name="testPatchUser" time="0.875"/>
  <testcase classname="basic.CRUD" name="testDeleteUser" time="0.768"/>
  <testcase classname="basic.CRUD" name="testGetDeletedUser" time="0.818"/>
</testsuite> <!-- basic.CRUD -->
